<?xml version="1.0" encoding="UTF-8"?>
<!-- Generated by org.testng.reporters.JUnitReportReporter -->
<testsuite hostname="DESKTOP-PKL9QEF" failures="0" tests="3" name="TestRunner.Runner" time="10.601" errors="0" timestamp="2025-01-23T14:03:41 IST" skipped="0">
  <testcase classname="TestRunner.Runner" name="runScenario" time="9.106"/>
  <system-out/>
  <testcase classname="TestRunner.Runner" name="runScenario" time="1.201"/>
  <system-out/>
  <testcase classname="TestRunner.Runner" name="runScenario" time="0.294"/>
  <system-out/>
</testsuite> <!-- TestRunner.Runner -->
