<?xml version="1.0" encoding="UTF-8"?>
<!-- Generated by org.testng.reporters.JUnitReportReporter -->
<testsuite hostname="DESKTOP-QMUT8R4" failures="0" tests="1" name="TestRunner.Runner" time="15.086" errors="0" timestamp="2025-01-23T12:07:54 IST" skipped="0">
  <testcase classname="TestRunner.Runner" name="runScenario" time="15.086"/>
  <system-out/>
</testsuite> <!-- TestRunner.Runner -->
