<?xml version="1.0" encoding="UTF-8"?>
<!-- Generated by org.testng.reporters.JUnitReportReporter -->
<testsuite hostname="DESKTOP-LCK03BF" failures="0" tests="4" name="TestRunner.Runner" time="10.092" errors="0" timestamp="2025-01-23T18:21:54 IST" skipped="0">
  <testcase classname="TestRunner.Runner" name="runScenario" time="0.298"/>
  <system-out/>
  <testcase classname="TestRunner.Runner" name="runScenario" time="1.277"/>
  <system-out/>
  <testcase classname="TestRunner.Runner" name="runScenario" time="0.850"/>
  <system-out/>
  <testcase classname="TestRunner.Runner" name="runScenario" time="7.667"/>
  <system-out/>
</testsuite> <!-- TestRunner.Runner -->
