<?xml version="1.0" encoding="UTF-8"?>
<!-- Generated by org.testng.reporters.JUnitReportReporter -->
<testsuite hostname="DESKTOP-LCK03BF" failures="0" tests="2" name="TestRunner.Runner" time="8.838" errors="0" timestamp="2025-01-23T12:49:41 IST" skipped="0">
  <testcase classname="TestRunner.Runner" name="runScenario" time="1.077"/>
  <system-out/>
  <testcase classname="TestRunner.Runner" name="runScenario" time="7.761"/>
  <system-out/>
</testsuite> <!-- TestRunner.Runner -->
